<?xml version="1.0" encoding="UTF-8"?>
<testsuite name="virtualPetTest" tests="1" skipped="0" failures="0" errors="0" timestamp="2022-03-02T04:42:41" hostname="Dales-MacBook-Pro.local" time="0.016">
  <properties/>
  <testcase name="ifYourPetsHealthIs0YourPetIsNoLongerAlive()" classname="virtualPetTest" time="0.016"/>
  <system-out><![CDATA[]]></system-out>
  <system-err><![CDATA[]]></system-err>
</testsuite>
